<?xml version="1.0" encoding="UTF-8"?>
<!-- Generated by org.testng.reporters.JUnitReportReporter -->
<testsuite skipped="0" hostname="vignesh-LAP" name="week6day1.CreateLeadParameter" tests="1" failures="0" timestamp="05 May 2018 04:07:44 GMT" time="60.919" errors="0">
  <testcase name="createLeadParameter" time="60.919" classname="week6day1.CreateLeadParameter"/>
</testsuite> <!-- week6day1.CreateLeadParameter -->
