<?xml version="1.0" encoding="UTF-8"?>
<!-- Generated by org.testng.reporters.JUnitReportReporter -->
<testsuite skipped="0" hostname="vignesh-LAP" name="week6day1.CreateLeadDataProvider$CreateLeadParameter" tests="2" failures="0" timestamp="05 May 2018 04:33:04 GMT" time="66.305" errors="0">
  <testcase name="createLeadParameter" time="33.873" classname="week6day1.CreateLeadDataProvider$CreateLeadParameter"/>
  <testcase name="createLeadParameter" time="32.432" classname="week6day1.CreateLeadDataProvider$CreateLeadParameter"/>
</testsuite> <!-- week6day1.CreateLeadDataProvider$CreateLeadParameter -->
