<?xml version="1.0" encoding="UTF-8"?>
<!-- Generated by org.testng.reporters.JUnitReportReporter -->
<testsuite skipped="0" hostname="vignesh-LAP" name="week5day1.DeleteLead" tests="1" failures="0" timestamp="28 Apr 2018 19:22:48 GMT" time="45.272" errors="0">
  <testcase name="deleteLead" time="45.272" classname="week5day1.DeleteLead"/>
</testsuite> <!-- week5day1.DeleteLead -->
