<?xml version="1.0" encoding="UTF-8"?>
<!-- Generated by org.testng.reporters.JUnitReportReporter -->
<testsuite skipped="0" hostname="vignesh-LAP" name="week6day1.ExcelDataReader" tests="1" failures="0" timestamp="05 May 2018 05:46:59 GMT" time="1.255" errors="0">
  <testcase name="getData" time="1.255" classname="week6day1.ExcelDataReader"/>
</testsuite> <!-- week6day1.ExcelDataReader -->
