<?xml version="1.0" encoding="UTF-8"?>
<!-- Generated by org.testng.reporters.JUnitReportReporter -->
<testsuite skipped="0" hostname="vignesh-LAP" name="week5homeworkTestNG.CreateLeadSEMethod" tests="2" failures="0" timestamp="04 May 2018 12:28:24 GMT" time="82.804" errors="0">
  <testcase name="createLeadSEMethod" time="40.491" classname="week5homeworkTestNG.CreateLeadSEMethod"/>
  <testcase name="createLeadSEMethod" time="42.313" classname="week5homeworkTestNG.CreateLeadSEMethod"/>
</testsuite> <!-- week5homeworkTestNG.CreateLeadSEMethod -->
