<?xml version="1.0" encoding="UTF-8"?>
<!-- Generated by org.testng.reporters.JUnitReportReporter -->
<testsuite skipped="0" hostname="vignesh-LAP" name="week5day1.DuplicateLead" tests="1" failures="0" timestamp="28 Apr 2018 06:42:33 GMT" time="28.889" errors="0">
  <testcase name="duplicatelead" time="28.889" classname="week5day1.DuplicateLead"/>
</testsuite> <!-- week5day1.DuplicateLead -->
