<?xml version="1.0" encoding="UTF-8"?>
<!-- Generated by org.testng.reporters.JUnitReportReporter -->
<testsuite skipped="1" hostname="vignesh-LAP" name="week5day2.EditLead" tests="1" failures="0" timestamp="29 Apr 2018 05:42:08 GMT" time="0.000" errors="0">
  <testcase name="editlead" time="0.000" classname="week5day2.EditLead">
    <skipped/>
  </testcase> <!-- editlead -->
</testsuite> <!-- week5day2.EditLead -->
