<?xml version="1.0" encoding="UTF-8"?>
<!-- Generated by org.testng.reporters.JUnitReportReporter -->
<testsuite skipped="0" hostname="vignesh-LAP" name="week5homeworkTestNG.DeleteLeadSEMethod" tests="1" failures="0" timestamp="04 May 2018 12:28:24 GMT" time="36.199" errors="0">
  <testcase name="deleteLeadSEMethod" time="36.199" classname="week5homeworkTestNG.DeleteLeadSEMethod"/>
</testsuite> <!-- week5homeworkTestNG.DeleteLeadSEMethod -->
