<?xml version="1.0" encoding="UTF-8"?>
<!-- Generated by org.testng.reporters.JUnitReportReporter -->
<testsuite skipped="0" hostname="vignesh-LAP" name="week5day2.CreateLead" tests="1" failures="0" timestamp="29 Apr 2018 05:42:08 GMT" time="40.831" errors="0">
  <testcase name="createlead" time="40.831" classname="week5day2.CreateLead"/>
</testsuite> <!-- week5day2.CreateLead -->
