<?xml version="1.0" encoding="UTF-8"?>
<!-- Generated by org.testng.reporters.JUnitReportReporter -->
<testsuite skipped="0" hostname="vignesh-LAP" name="week9day2.PaypalSEMethodTestNG" tests="1" failures="0" timestamp="27 May 2018 13:04:17 GMT" time="122.284" errors="0">
  <testcase name="paypalSEMethod" time="122.284" classname="week9day2.PaypalSEMethodTestNG"/>
</testsuite> <!-- week9day2.PaypalSEMethodTestNG -->
