<?xml version="1.0" encoding="UTF-8"?>
<!-- Generated by org.testng.reporters.JUnitReportReporter -->
<testsuite skipped="0" hostname="vignesh-LAP" name="week5day1.CreateLead" tests="2" failures="0" timestamp="28 Apr 2018 19:22:48 GMT" time="71.958" errors="0">
  <testcase name="createlead" time="30.086" classname="week5day1.CreateLead"/>
  <testcase name="createlead" time="41.872" classname="week5day1.CreateLead"/>
</testsuite> <!-- week5day1.CreateLead -->
