<?xml version="1.0" encoding="UTF-8"?>
<!-- Generated by org.testng.reporters.JUnitReportReporter -->
<testsuite skipped="0" hostname="vignesh-LAP" name="week5homeworkTestNG.MergeLeadSEMethod" tests="1" failures="0" timestamp="04 May 2018 12:28:24 GMT" time="53.382" errors="1">
  <testcase name="mergeLeadSEMethod" time="53.382" classname="week5homeworkTestNG.MergeLeadSEMethod">
    <error type="org.testng.internal.thread.ThreadTimeoutException" message="Method week5homeworkTestNG.MergeLeadSEMethod.mergeLeadSEMethod() didn&#039;t finish within the time-out 20000">
      <![CDATA[org.testng.internal.thread.ThreadTimeoutException: Method week5homeworkTestNG.MergeLeadSEMethod.mergeLeadSEMethod() didn't finish within the time-out 20000
at org.testng.internal.MethodInvocationHelper.invokeWithTimeoutWithNoExecutor(MethodInvocationHelper.java:283)
at org.testng.internal.MethodInvocationHelper.invokeWithTimeout(MethodInvocationHelper.java:265)
at org.testng.internal.Invoker.invokeMethod(Invoker.java:586)
at org.testng.internal.Invoker.invokeTestMethod(Invoker.java:716)
at org.testng.internal.Invoker.invokeTestMethods(Invoker.java:988)
at org.testng.internal.TestMethodWorker.invokeTestMethods(TestMethodWorker.java:125)
at org.testng.internal.TestMethodWorker.run(TestMethodWorker.java:109)
at java.util.concurrent.ThreadPoolExecutor.runWorker(Unknown Source)
at java.util.concurrent.ThreadPoolExecutor$Worker.run(Unknown Source)
at java.lang.Thread.run(Unknown Source)
]]>
    </error>
  </testcase> <!-- mergeLeadSEMethod -->
</testsuite> <!-- week5homeworkTestNG.MergeLeadSEMethod -->
