<?xml version="1.0" encoding="UTF-8"?>
<!-- Generated by org.testng.reporters.JUnitReportReporter -->
<testsuite skipped="0" hostname="vignesh-LAP" name="week5homeworkTestNG.DuplicateLeadSEMethod" tests="1" failures="0" timestamp="04 May 2018 12:28:24 GMT" time="37.141" errors="0">
  <testcase name="duplicateLeadSEMethod" time="37.141" classname="week5homeworkTestNG.DuplicateLeadSEMethod"/>
</testsuite> <!-- week5homeworkTestNG.DuplicateLeadSEMethod -->
