<?xml version="1.0" encoding="UTF-8"?>
<!-- Generated by org.testng.reporters.JUnitReportReporter -->
<testsuite skipped="0" hostname="vignesh-LAP" name="week9day2.PaypalSEMethod" tests="1" failures="0" timestamp="27 May 2018 12:46:58 GMT" time="69.803" errors="0">
  <testcase name="paypalSEMethod" time="69.803" classname="week9day2.PaypalSEMethod"/>
</testsuite> <!-- week9day2.PaypalSEMethod -->
